-------------------------------------------------------------------------------
Test set: auto.grader.app.AppTest
-------------------------------------------------------------------------------
Tests run: 3, Failures: 1, Errors: 0, Skipped: 0, Time elapsed: 0.08 s <<< FAILURE! - in auto.grader.app.AppTest
addTwoNumbers  Time elapsed: 0.05 s  <<< FAILURE!
org.opentest4j.AssertionFailedError: expected: <3> but was: <2>
	at auto.grader.app.AppTest.addTwoNumbers(AppTest.java:27)

